09:52:10.843 [Test worker] INFO  configuration.AppiumConfiguration - "deviceName","Nex"
09:52:10.847 [Test worker] INFO  configuration.AppiumConfiguration - "platformName", "Android"
09:52:45.478 [Test worker] INFO  configuration.AppiumConfiguration - From Login Test: test start with data:   Auth(email=noa@gmail.com, password=Nnoa12345$)
09:52:46.270 [Test worker] INFO  configuration.MyListener - Before find by --> By.xpath: //*[@resource-id='com.example.svetlana.scheduler:id/log_email_input']
09:52:47.098 [Test worker] INFO  configuration.MyListener - After find by -->By.xpath: //*[@resource-id='com.example.svetlana.scheduler:id/log_email_input']
09:52:47.101 [Test worker] INFO  configuration.MyListener - You gave a problem --->org.openqa.selenium.NoSuchElementException: An element could not be located on the page using the given search parameters.
For documentation on this error, please visit: https://www.seleniumhq.org/exceptions/no_such_element.html
Build info: version: '3.141.59', revision: 'e82be7d358', time: '2018-11-14T08:17:03'
System info: host: 'MacBook-Pro-Taya.local', ip: 'fe80:0:0:0:189a:bacd:aeb0:d713%en0', os.name: 'Mac OS X', os.arch: 'x86_64', os.version: '10.16', java.version: '1.8.0_151'
Driver info: io.appium.java_client.AppiumDriver
Capabilities {appActivity: .presentation.splashScreen...., appPackage: com.example.svetlana.scheduler, automationName: Appium, databaseEnabled: false, desired: {appActivity: .presentation.splashScreen...., appPackage: com.example.svetlana.scheduler, automationName: Appium, deviceName: Nex, platformName: android, platformVersion: 8.0}, deviceApiLevel: 26, deviceManufacturer: Google, deviceModel: Android SDK built for x86, deviceName: emulator-5554, deviceScreenDensity: 480, deviceScreenSize: 1080x1920, deviceUDID: emulator-5554, javascriptEnabled: true, locationContextEnabled: false, networkConnectionEnabled: true, pixelRatio: 3, platform: LINUX, platformName: Android, platformVersion: 8.0.0, statBarHeight: 72, takesScreenshot: true, viewportRect: {height: 1704, left: 0, top: 72, width: 1080}, warnings: {}, webStorageEnabled: false}
Session ID: 25bad29c-2d65-4289-a1ca-29a10f27ac03
*** Element info: {Using=xpath, value=//*[@resource-id='com.example.svetlana.scheduler:id/log_email_input']}
09:52:48.650 [Test worker] INFO  configuration.MyListener - Screen with error by link --->src/test/screenshots/screen-3168.png
09:52:49.269 [Test worker] INFO  configuration.MyListener - Before find by --> By.xpath: //*[@resource-id='com.example.svetlana.scheduler:id/log_email_input']
09:52:49.719 [Test worker] INFO  configuration.MyListener - After find by -->By.xpath: //*[@resource-id='com.example.svetlana.scheduler:id/log_email_input']
09:52:50.424 [Test worker] INFO  configuration.MyListener - Before find by --> By.xpath: //*[@resource-id='com.example.svetlana.scheduler:id/log_email_input']
09:52:50.872 [Test worker] INFO  configuration.MyListener - After find by -->By.xpath: //*[@resource-id='com.example.svetlana.scheduler:id/log_email_input']
09:52:51.229 [Test worker] INFO  configuration.MyListener - Before find by --> By.xpath: //*[@resource-id='com.example.svetlana.scheduler:id/log_email_input']
09:52:52.718 [Test worker] INFO  configuration.MyListener - After find by -->By.xpath: //*[@resource-id='com.example.svetlana.scheduler:id/log_email_input']
09:52:53.080 [Test worker] INFO  configuration.MyListener - Before find by --> By.xpath: //*[@resource-id='com.example.svetlana.scheduler:id/log_email_input']
09:52:53.769 [Test worker] INFO  configuration.MyListener - After find by -->By.xpath: //*[@resource-id='com.example.svetlana.scheduler:id/log_email_input']
09:52:54.814 [Test worker] INFO  configuration.MyListener - Before find by --> By.xpath: //*[@resource-id='com.example.svetlana.scheduler:id/log_password_input']
09:52:55.366 [Test worker] INFO  configuration.MyListener - After find by -->By.xpath: //*[@resource-id='com.example.svetlana.scheduler:id/log_password_input']
09:52:55.873 [Test worker] INFO  configuration.MyListener - Before find by --> By.xpath: //*[@resource-id='com.example.svetlana.scheduler:id/log_password_input']
09:52:57.321 [Test worker] INFO  configuration.MyListener - After find by -->By.xpath: //*[@resource-id='com.example.svetlana.scheduler:id/log_password_input']
09:52:57.527 [Test worker] INFO  configuration.MyListener - Before find by --> By.xpath: //*[@resource-id='com.example.svetlana.scheduler:id/log_password_input']
09:52:58.116 [Test worker] INFO  configuration.MyListener - After find by -->By.xpath: //*[@resource-id='com.example.svetlana.scheduler:id/log_password_input']
09:52:59.930 [Test worker] INFO  configuration.MyListener - Before find by --> By.xpath: //*[@resource-id='com.example.svetlana.scheduler:id/login_btn']
09:53:00.370 [Test worker] INFO  configuration.MyListener - After find by -->By.xpath: //*[@resource-id='com.example.svetlana.scheduler:id/login_btn']
09:53:00.628 [Test worker] INFO  configuration.MyListener - Before find by --> By.xpath: //*[@resource-id='com.example.svetlana.scheduler:id/fab_main']
09:53:02.470 [Test worker] INFO  configuration.MyListener - After find by -->By.xpath: //*[@resource-id='com.example.svetlana.scheduler:id/fab_main']
09:53:02.471 [Test worker] INFO  configuration.MyListener - You gave a problem --->org.openqa.selenium.NoSuchElementException: An element could not be located on the page using the given search parameters.
For documentation on this error, please visit: https://www.seleniumhq.org/exceptions/no_such_element.html
Build info: version: '3.141.59', revision: 'e82be7d358', time: '2018-11-14T08:17:03'
System info: host: 'MacBook-Pro-Taya.local', ip: 'fe80:0:0:0:189a:bacd:aeb0:d713%en0', os.name: 'Mac OS X', os.arch: 'x86_64', os.version: '10.16', java.version: '1.8.0_151'
Driver info: io.appium.java_client.AppiumDriver
Capabilities {appActivity: .presentation.splashScreen...., appPackage: com.example.svetlana.scheduler, automationName: Appium, databaseEnabled: false, desired: {appActivity: .presentation.splashScreen...., appPackage: com.example.svetlana.scheduler, automationName: Appium, deviceName: Nex, platformName: android, platformVersion: 8.0}, deviceApiLevel: 26, deviceManufacturer: Google, deviceModel: Android SDK built for x86, deviceName: emulator-5554, deviceScreenDensity: 480, deviceScreenSize: 1080x1920, deviceUDID: emulator-5554, javascriptEnabled: true, locationContextEnabled: false, networkConnectionEnabled: true, pixelRatio: 3, platform: LINUX, platformName: Android, platformVersion: 8.0.0, statBarHeight: 72, takesScreenshot: true, viewportRect: {height: 1704, left: 0, top: 72, width: 1080}, warnings: {}, webStorageEnabled: false}
Session ID: 25bad29c-2d65-4289-a1ca-29a10f27ac03
*** Element info: {Using=xpath, value=//*[@resource-id='com.example.svetlana.scheduler:id/fab_main']}
09:53:11.689 [Test worker] INFO  configuration.MyListener - Screen with error by link --->src/test/screenshots/screen-3191.png
09:53:11.701 [Test worker] INFO  configuration.AppiumConfiguration - From Login Test: test start with data:   Auth(email=wick@gmail.com, password=Ww12345$)
09:53:12.215 [Test worker] INFO  configuration.MyListener - Before find by --> By.xpath: //*[@resource-id='com.example.svetlana.scheduler:id/log_email_input']
09:53:15.677 [Test worker] INFO  configuration.MyListener - After find by -->By.xpath: //*[@resource-id='com.example.svetlana.scheduler:id/log_email_input']
09:53:15.678 [Test worker] INFO  configuration.MyListener - You gave a problem --->org.openqa.selenium.NoSuchElementException: An element could not be located on the page using the given search parameters.
For documentation on this error, please visit: https://www.seleniumhq.org/exceptions/no_such_element.html
Build info: version: '3.141.59', revision: 'e82be7d358', time: '2018-11-14T08:17:03'
System info: host: 'MacBook-Pro-Taya.local', ip: 'fe80:0:0:0:189a:bacd:aeb0:d713%en0', os.name: 'Mac OS X', os.arch: 'x86_64', os.version: '10.16', java.version: '1.8.0_151'
Driver info: io.appium.java_client.AppiumDriver
Capabilities {appActivity: .presentation.splashScreen...., appPackage: com.example.svetlana.scheduler, automationName: Appium, databaseEnabled: false, desired: {appActivity: .presentation.splashScreen...., appPackage: com.example.svetlana.scheduler, automationName: Appium, deviceName: Nex, platformName: android, platformVersion: 8.0}, deviceApiLevel: 26, deviceManufacturer: Google, deviceModel: Android SDK built for x86, deviceName: emulator-5554, deviceScreenDensity: 480, deviceScreenSize: 1080x1920, deviceUDID: emulator-5554, javascriptEnabled: true, locationContextEnabled: false, networkConnectionEnabled: true, pixelRatio: 3, platform: LINUX, platformName: Android, platformVersion: 8.0.0, statBarHeight: 72, takesScreenshot: true, viewportRect: {height: 1704, left: 0, top: 72, width: 1080}, warnings: {}, webStorageEnabled: false}
Session ID: 25bad29c-2d65-4289-a1ca-29a10f27ac03
*** Element info: {Using=xpath, value=//*[@resource-id='com.example.svetlana.scheduler:id/log_email_input']}
09:53:16.855 [Test worker] INFO  configuration.MyListener - Screen with error by link --->src/test/screenshots/screen-3196.png
09:53:17.371 [Test worker] INFO  configuration.MyListener - Before find by --> By.xpath: //*[@resource-id='com.example.svetlana.scheduler:id/log_email_input']
09:53:21.276 [Test worker] INFO  configuration.MyListener - After find by -->By.xpath: //*[@resource-id='com.example.svetlana.scheduler:id/log_email_input']
09:53:21.278 [Test worker] INFO  configuration.MyListener - You gave a problem --->org.openqa.selenium.NoSuchElementException: An element could not be located on the page using the given search parameters.
For documentation on this error, please visit: https://www.seleniumhq.org/exceptions/no_such_element.html
Build info: version: '3.141.59', revision: 'e82be7d358', time: '2018-11-14T08:17:03'
System info: host: 'MacBook-Pro-Taya.local', ip: 'fe80:0:0:0:189a:bacd:aeb0:d713%en0', os.name: 'Mac OS X', os.arch: 'x86_64', os.version: '10.16', java.version: '1.8.0_151'
Driver info: io.appium.java_client.AppiumDriver
Capabilities {appActivity: .presentation.splashScreen...., appPackage: com.example.svetlana.scheduler, automationName: Appium, databaseEnabled: false, desired: {appActivity: .presentation.splashScreen...., appPackage: com.example.svetlana.scheduler, automationName: Appium, deviceName: Nex, platformName: android, platformVersion: 8.0}, deviceApiLevel: 26, deviceManufacturer: Google, deviceModel: Android SDK built for x86, deviceName: emulator-5554, deviceScreenDensity: 480, deviceScreenSize: 1080x1920, deviceUDID: emulator-5554, javascriptEnabled: true, locationContextEnabled: false, networkConnectionEnabled: true, pixelRatio: 3, platform: LINUX, platformName: Android, platformVersion: 8.0.0, statBarHeight: 72, takesScreenshot: true, viewportRect: {height: 1704, left: 0, top: 72, width: 1080}, warnings: {}, webStorageEnabled: false}
Session ID: 25bad29c-2d65-4289-a1ca-29a10f27ac03
*** Element info: {Using=xpath, value=//*[@resource-id='com.example.svetlana.scheduler:id/log_email_input']}
09:53:23.228 [Test worker] INFO  configuration.MyListener - Screen with error by link --->src/test/screenshots/screen-3203.png
09:53:24.021 [Test worker] INFO  configuration.MyListener - Before find by --> By.xpath: //*[@resource-id='com.example.svetlana.scheduler:id/log_email_input']
09:53:30.128 [Test worker] INFO  configuration.MyListener - After find by -->By.xpath: //*[@resource-id='com.example.svetlana.scheduler:id/log_email_input']
09:53:30.129 [Test worker] INFO  configuration.MyListener - You gave a problem --->org.openqa.selenium.NoSuchElementException: An element could not be located on the page using the given search parameters.
For documentation on this error, please visit: https://www.seleniumhq.org/exceptions/no_such_element.html
Build info: version: '3.141.59', revision: 'e82be7d358', time: '2018-11-14T08:17:03'
System info: host: 'MacBook-Pro-Taya.local', ip: 'fe80:0:0:0:189a:bacd:aeb0:d713%en0', os.name: 'Mac OS X', os.arch: 'x86_64', os.version: '10.16', java.version: '1.8.0_151'
Driver info: io.appium.java_client.AppiumDriver
Capabilities {appActivity: .presentation.splashScreen...., appPackage: com.example.svetlana.scheduler, automationName: Appium, databaseEnabled: false, desired: {appActivity: .presentation.splashScreen...., appPackage: com.example.svetlana.scheduler, automationName: Appium, deviceName: Nex, platformName: android, platformVersion: 8.0}, deviceApiLevel: 26, deviceManufacturer: Google, deviceModel: Android SDK built for x86, deviceName: emulator-5554, deviceScreenDensity: 480, deviceScreenSize: 1080x1920, deviceUDID: emulator-5554, javascriptEnabled: true, locationContextEnabled: false, networkConnectionEnabled: true, pixelRatio: 3, platform: LINUX, platformName: Android, platformVersion: 8.0.0, statBarHeight: 72, takesScreenshot: true, viewportRect: {height: 1704, left: 0, top: 72, width: 1080}, warnings: {}, webStorageEnabled: false}
Session ID: 25bad29c-2d65-4289-a1ca-29a10f27ac03
*** Element info: {Using=xpath, value=//*[@resource-id='com.example.svetlana.scheduler:id/log_email_input']}
09:53:32.589 [Test worker] INFO  configuration.MyListener - Screen with error by link --->src/test/screenshots/screen-3212.png
